{"level":"error","message":"La llave (dnipago)=(ESTO ITF) no está presente en la tabla «cliente».","timestamp":"11/27/2024, 2:17:59 AM"}
{"level":"error","message":"La llave (dnipago)=(44337916) no está presente en la tabla «cliente».","timestamp":"11/27/2024, 2:17:59 AM"}
{"level":"info","message":"Registro exitoso!!, DNI: 46665297","timestamp":"11/27/2024, 2:18:00 AM"}
{"level":"error","message":"La llave (dnipago)=(989712 0) no está presente en la tabla «cliente».","timestamp":"11/27/2024, 2:18:00 AM"}
{"level":"error","message":"La llave (dnipago)=(76855336) no está presente en la tabla «cliente».","timestamp":"11/27/2024, 2:18:00 AM"}
{"level":"error","message":"La llave (dnipago)=(74898688) no está presente en la tabla «cliente».","timestamp":"11/27/2024, 2:18:00 AM"}
{"level":"error","message":"La llave (dnipago)=(45017228) no está presente en la tabla «cliente».","timestamp":"11/27/2024, 2:18:00 AM"}
{"level":"error","message":"La llave (dnipago)=(48503192) no está presente en la tabla «cliente».","timestamp":"11/27/2024, 2:18:00 AM"}
{"level":"error","message":"La llave (dnipago)=(720085 0) no está presente en la tabla «cliente».","timestamp":"11/27/2024, 2:18:00 AM"}
{"level":"error","message":"La llave (dnipago)=(22513850) no está presente en la tabla «cliente».","timestamp":"11/27/2024, 2:18:00 AM"}
{"level":"error","message":"La llave (dnipago)=(41453515) no está presente en la tabla «cliente».","timestamp":"11/27/2024, 2:18:00 AM"}
{"level":"error","message":"La llave (dnipago)=(08300597) no está presente en la tabla «cliente».","timestamp":"11/27/2024, 2:18:00 AM"}
{"level":"error","message":"La llave (dnipago)=(10121767) no está presente en la tabla «cliente».","timestamp":"11/27/2024, 2:18:00 AM"}
{"level":"error","message":"La llave (dnipago)=(74347357) no está presente en la tabla «cliente».","timestamp":"11/27/2024, 2:18:00 AM"}
{"level":"error","message":"La llave (dnipago)=(030127 0) no está presente en la tabla «cliente».","timestamp":"11/27/2024, 2:18:01 AM"}
{"level":"error","message":"La llave (dnipago)=(71265658) no está presente en la tabla «cliente».","timestamp":"11/27/2024, 2:18:01 AM"}
{"level":"info","message":"Registro exitoso!!, DNI: 45646940","timestamp":"11/27/2024, 2:18:01 AM"}
{"level":"error","message":"La llave (dnipago)=(44033710) no está presente en la tabla «cliente».","timestamp":"11/27/2024, 2:18:01 AM"}
{"level":"error","message":"La llave (dnipago)=(78719882) no está presente en la tabla «cliente».","timestamp":"11/27/2024, 2:18:01 AM"}
{"level":"error","message":"La llave (dnipago)=(09572366) no está presente en la tabla «cliente».","timestamp":"11/27/2024, 2:18:01 AM"}
{"level":"error","message":"La llave (dnipago)=(066845 0) no está presente en la tabla «cliente».","timestamp":"11/27/2024, 2:18:01 AM"}
{"level":"error","message":"La llave (dnipago)=(74827802) no está presente en la tabla «cliente».","timestamp":"11/27/2024, 2:18:01 AM"}
{"level":"error","message":"La llave (dnipago)=(73970357) no está presente en la tabla «cliente».","timestamp":"11/27/2024, 2:18:01 AM"}
{"level":"error","message":"La llave (dnipago)=(46578181) no está presente en la tabla «cliente».","timestamp":"11/27/2024, 2:18:01 AM"}
{"level":"error","message":"La llave (dnipago)=(47804887) no está presente en la tabla «cliente».","timestamp":"11/27/2024, 2:18:01 AM"}
{"level":"error","message":"La llave (dnipago)=(40483492) no está presente en la tabla «cliente».","timestamp":"11/27/2024, 2:18:01 AM"}
{"level":"error","message":"La llave (dnipago)=(10678290) no está presente en la tabla «cliente».","timestamp":"11/27/2024, 2:18:01 AM"}
{"level":"error","message":"La llave (dnipago)=(45388071) no está presente en la tabla «cliente».","timestamp":"11/27/2024, 2:18:01 AM"}
{"level":"error","message":"La llave (dnipago)=(76542076) no está presente en la tabla «cliente».","timestamp":"11/27/2024, 2:18:01 AM"}
{"level":"error","message":"La llave (dnipago)=(49062474) no está presente en la tabla «cliente».","timestamp":"11/27/2024, 2:18:01 AM"}
{"level":"error","message":"La llave (dnipago)=(06031368) no está presente en la tabla «cliente».","timestamp":"11/27/2024, 2:18:01 AM"}
{"level":"error","message":"La llave (dnipago)=(29623981) no está presente en la tabla «cliente».","timestamp":"11/27/2024, 2:18:01 AM"}
{"level":"error","message":"La llave (dnipago)=(42729739) no está presente en la tabla «cliente».","timestamp":"11/27/2024, 2:18:01 AM"}
{"level":"error","message":"La llave (dnipago)=(75530539) no está presente en la tabla «cliente».","timestamp":"11/27/2024, 2:18:01 AM"}
{"level":"error","message":"La llave (dnipago)=(AUDACION) no está presente en la tabla «cliente».","timestamp":"11/27/2024, 2:18:01 AM"}
{"level":"error","message":"La llave (dnipago)=(43688546) no está presente en la tabla «cliente».","timestamp":"11/27/2024, 2:18:01 AM"}
{"level":"error","message":"La llave (dnipago)=(75426242) no está presente en la tabla «cliente».","timestamp":"11/27/2024, 2:18:01 AM"}
{"level":"error","message":"La llave (dnipago)=(45881489) no está presente en la tabla «cliente».","timestamp":"11/27/2024, 2:18:01 AM"}
{"level":"error","message":"La llave (dnipago)=(7921085) no está presente en la tabla «cliente».","timestamp":"11/27/2024, 2:18:01 AM"}
{"level":"error","message":"La llave (dnipago)=(76984366) no está presente en la tabla «cliente».","timestamp":"11/27/2024, 2:18:01 AM"}
{"level":"error","message":"La llave (dnipago)=(489664 0) no está presente en la tabla «cliente».","timestamp":"11/27/2024, 2:18:01 AM"}
{"level":"info","message":"Registro exitoso!!, DNI: 45646940","timestamp":"11/27/2024, 2:18:01 AM"}
{"level":"error","message":"La llave (dnipago)=(80562708) no está presente en la tabla «cliente».","timestamp":"11/27/2024, 2:18:01 AM"}
{"level":"error","message":"La llave (dnipago)=(41560096) no está presente en la tabla «cliente».","timestamp":"11/27/2024, 2:18:01 AM"}
{"level":"info","message":"Registro exitoso!!, DNI: 466652972","timestamp":"11/27/2024, 2:18:01 AM"}
{"level":"error","message":"La llave (dnipago)=(43171583) no está presente en la tabla «cliente».","timestamp":"11/27/2024, 2:18:01 AM"}
{"level":"error","message":"La llave (dnipago)=(73901976) no está presente en la tabla «cliente».","timestamp":"11/27/2024, 2:18:01 AM"}
{"level":"error","message":"La llave (dnipago)=(46600611) no está presente en la tabla «cliente».","timestamp":"11/27/2024, 2:18:01 AM"}
{"level":"error","message":"La llave (dnipago)=(15864528) no está presente en la tabla «cliente».","timestamp":"11/27/2024, 2:18:01 AM"}
{"level":"error","message":"La llave (dnipago)=(09140130) no está presente en la tabla «cliente».","timestamp":"11/27/2024, 2:18:01 AM"}
{"level":"error","message":"La llave (dnipago)=(72441522) no está presente en la tabla «cliente».","timestamp":"11/27/2024, 2:18:01 AM"}
{"level":"error","message":"La llave (dnipago)=(989712 0) no está presente en la tabla «cliente».","timestamp":"11/27/2024, 2:18:01 AM"}
{"level":"info","message":"Registro exitoso!!, DNI: 466652973","timestamp":"11/27/2024, 2:18:01 AM"}
