[12/1/2024, 5:15:39 PM] ERROR: La llave (dnipago)=(AUDACION) no está presente en la tabla «cliente».
[12/1/2024, 5:15:39 PM] INFO: Inserción Correcta (dnipago)=45646940 dni encontrado en la tabla cliente.
[12/1/2024, 5:15:39 PM] ERROR: La llave (dnipago)=(10130096) no está presente en la tabla «cliente».
[12/1/2024, 5:15:39 PM] INFO: Inserción Correcta (dnipago)=07921085 dni encontrado en la tabla cliente.
[12/1/2024, 5:15:39 PM] INFO: Inserción Correcta (dnipago)=46665297 dni encontrado en la tabla cliente.
[12/1/2024, 5:15:39 PM] INFO: Inserción Correcta (dnipago)=466652972 dni encontrado en la tabla cliente.
[12/1/2024, 5:15:39 PM] INFO: Inserción Correcta (dnipago)=466652973 dni encontrado en la tabla cliente.
[12/1/2024, 5:15:39 PM] INFO: Inserción Correcta (dnipago)=466652974 dni encontrado en la tabla cliente.
[12/1/2024, 5:18:01 PM] ERROR: La llave (dnipago)=(AUDACION) no está presente en la tabla «cliente».
[12/1/2024, 5:18:01 PM] ERROR: La llave (dnipago)=(10130096) no está presente en la tabla «cliente».
[12/1/2024, 5:18:01 PM] INFO: Inserción Correcta (dnipago)=46665297 dni encontrado en la tabla cliente.
[12/1/2024, 5:18:01 PM] INFO: Inserción Correcta (dnipago)=466652972 dni encontrado en la tabla cliente.
[12/1/2024, 5:18:01 PM] INFO: Inserción Correcta (dnipago)=45646940 dni encontrado en la tabla cliente.
[12/1/2024, 5:18:01 PM] INFO: Inserción Correcta (dnipago)=466652973 dni encontrado en la tabla cliente.
[12/1/2024, 5:18:01 PM] INFO: Inserción Correcta (dnipago)=466652974 dni encontrado en la tabla cliente.
[12/1/2024, 5:18:01 PM] INFO: Inserción Correcta (dnipago)=07921085 dni encontrado en la tabla cliente.
[12/1/2024, 5:19:07 PM] ERROR: La llave (dnipago)=(AUDACION) no está presente en la tabla «cliente».
[12/1/2024, 5:19:07 PM] ERROR: La llave (dnipago)=(16736864) no está presente en la tabla «cliente».
[12/1/2024, 5:19:07 PM] ERROR: La llave (dnipago)=(42438036) no está presente en la tabla «cliente».
[12/1/2024, 5:19:07 PM] INFO: Inserción Correcta (dnipago)=46665297 dni encontrado en la tabla cliente.
[12/1/2024, 5:19:07 PM] INFO: Inserción Correcta (dnipago)=466652972 dni encontrado en la tabla cliente.
[12/1/2024, 5:19:07 PM] INFO: Inserción Correcta (dnipago)=07921085 dni encontrado en la tabla cliente.
[12/1/2024, 5:19:07 PM] INFO: Inserción Correcta (dnipago)=466652973 dni encontrado en la tabla cliente.
[12/1/2024, 5:19:07 PM] ERROR: La llave (dnipago)=(08327071) no está presente en la tabla «cliente».
[12/1/2024, 5:19:07 PM] INFO: Inserción Correcta (dnipago)=466652974 dni encontrado en la tabla cliente.
[12/1/2024, 5:19:07 PM] ERROR: La llave (dnipago)=(46751837) no está presente en la tabla «cliente».
[12/1/2024, 5:19:07 PM] INFO: Inserción Correcta (dnipago)=45646940 dni encontrado en la tabla cliente.
[12/1/2024, 5:19:07 PM] ERROR: La llave (dnipago)=(43579099) no está presente en la tabla «cliente».
[12/1/2024, 5:19:07 PM] ERROR: La llave (dnipago)=(60721483) no está presente en la tabla «cliente».
[12/1/2024, 5:19:07 PM] ERROR: La llave (dnipago)=(07327684) no está presente en la tabla «cliente».
[12/1/2024, 5:19:07 PM] ERROR: La llave (dnipago)=(74087451) no está presente en la tabla «cliente».
[12/1/2024, 5:19:07 PM] ERROR: La llave (dnipago)=(21532876) no está presente en la tabla «cliente».
[12/1/2024, 5:19:07 PM] ERROR: La llave (dnipago)=(41686983) no está presente en la tabla «cliente».
[12/1/2024, 5:19:07 PM] ERROR: La llave (dnipago)=(43746814) no está presente en la tabla «cliente».
[12/1/2024, 5:19:07 PM] ERROR: La llave (dnipago)=(74613778) no está presente en la tabla «cliente».
[12/1/2024, 5:19:07 PM] ERROR: La llave (dnipago)=(45104332) no está presente en la tabla «cliente».
[12/1/2024, 5:19:07 PM] ERROR: La llave (dnipago)=(40488807) no está presente en la tabla «cliente».
[12/1/2024, 5:19:07 PM] ERROR: La llave (dnipago)=(41729707) no está presente en la tabla «cliente».
[12/1/2024, 5:19:07 PM] ERROR: La llave (dnipago)=(45170530) no está presente en la tabla «cliente».
[12/1/2024, 5:19:07 PM] ERROR: La llave (dnipago)=(47961888) no está presente en la tabla «cliente».
[12/1/2024, 5:19:07 PM] ERROR: La llave (dnipago)=(07461503) no está presente en la tabla «cliente».
[12/1/2024, 5:19:07 PM] ERROR: La llave (dnipago)=(10666564) no está presente en la tabla «cliente».
[12/1/2024, 5:19:07 PM] ERROR: La llave (dnipago)=(25846992) no está presente en la tabla «cliente».
[12/1/2024, 5:19:07 PM] ERROR: La llave (dnipago)=(75635267) no está presente en la tabla «cliente».
[12/1/2024, 5:19:08 PM] ERROR: La llave (dnipago)=(44513140) no está presente en la tabla «cliente».
[12/1/2024, 5:19:08 PM] ERROR: La llave (dnipago)=(75671925) no está presente en la tabla «cliente».
[12/1/2024, 5:19:08 PM] ERROR: La llave (dnipago)=(40929136) no está presente en la tabla «cliente».
[12/1/2024, 5:19:08 PM] ERROR: La llave (dnipago)=(74427023) no está presente en la tabla «cliente».
[12/1/2024, 5:19:08 PM] ERROR: La llave (dnipago)=(23013844) no está presente en la tabla «cliente».
[12/1/2024, 5:19:08 PM] ERROR: La llave (dnipago)=(75684364) no está presente en la tabla «cliente».
[12/1/2024, 5:19:08 PM] ERROR: La llave (dnipago)=(AUDACION) no está presente en la tabla «cliente».
[12/1/2024, 5:19:08 PM] ERROR: La llave (dnipago)=(75865635) no está presente en la tabla «cliente».
[12/1/2024, 5:19:08 PM] ERROR: La llave (dnipago)=(ESTO ITF) no está presente en la tabla «cliente».
[12/1/2024, 5:19:08 PM] ERROR: La llave (dnipago)=(.TERC.BM) no está presente en la tabla «cliente».
[12/1/2024, 5:19:08 PM] ERROR: La llave (dnipago)=(283501 0) no está presente en la tabla «cliente».
[12/1/2024, 5:19:08 PM] ERROR: La llave (dnipago)=(42148533) no está presente en la tabla «cliente».
[12/1/2024, 5:19:08 PM] ERROR: La llave (dnipago)=(340161 0) no está presente en la tabla «cliente».
[12/1/2024, 5:19:08 PM] ERROR: La llave (dnipago)=(71205599) no está presente en la tabla «cliente».
[12/1/2024, 5:19:08 PM] ERROR: La llave (dnipago)=(46890606) no está presente en la tabla «cliente».
[12/1/2024, 5:19:08 PM] ERROR: La llave (dnipago)=(09947778) no está presente en la tabla «cliente».
[12/1/2024, 5:19:08 PM] ERROR: La llave (dnipago)=(41798787) no está presente en la tabla «cliente».
[12/1/2024, 5:19:08 PM] ERROR: La llave (dnipago)=(27287503) no está presente en la tabla «cliente».
[12/1/2024, 5:19:08 PM] ERROR: La llave (dnipago)=(08695241) no está presente en la tabla «cliente».
[12/1/2024, 5:19:08 PM] ERROR: La llave (dnipago)=(03381492) no está presente en la tabla «cliente».
[12/1/2024, 5:19:08 PM] ERROR: La llave (dnipago)=(40815832) no está presente en la tabla «cliente».
[12/1/2024, 5:19:08 PM] ERROR: La llave (dnipago)=(40936512) no está presente en la tabla «cliente».
[12/1/2024, 5:19:08 PM] ERROR: La llave (dnipago)=(71298238) no está presente en la tabla «cliente».
[12/1/2024, 5:19:08 PM] ERROR: La llave (dnipago)=(07496492) no está presente en la tabla «cliente».
[12/1/2024, 5:19:08 PM] ERROR: La llave (dnipago)=(42685996) no está presente en la tabla «cliente».
[12/1/2024, 5:19:08 PM] ERROR: La llave (dnipago)=(20083169) no está presente en la tabla «cliente».
[12/1/2024, 5:19:08 PM] ERROR: La llave (dnipago)=(04040233) no está presente en la tabla «cliente».
[12/1/2024, 5:19:08 PM] ERROR: La llave (dnipago)=(46491164) no está presente en la tabla «cliente».
[12/1/2024, 5:19:08 PM] ERROR: La llave (dnipago)=(44953855) no está presente en la tabla «cliente».
[12/1/2024, 5:19:08 PM] ERROR: La llave (dnipago)=(43824494) no está presente en la tabla «cliente».
[12/1/2024, 5:19:08 PM] ERROR: La llave (dnipago)=(05643127) no está presente en la tabla «cliente».
[12/1/2024, 5:19:08 PM] ERROR: La llave (dnipago)=(48252870) no está presente en la tabla «cliente».
